<?xml version="1.0" encoding="UTF-8"?>
<coverage generated="1528740766878" clover="3.2.0">
  <project timestamp="1528740766878" name="All files">
    <metrics statements="119" coveredstatements="75" conditionals="50" coveredconditionals="27" methods="41" coveredmethods="23" elements="210" coveredelements="125" complexity="0" loc="119" ncloc="119" packages="1" files="5" classes="5">
      <file name="ArcherContainer.js" path="/Users/Pierpo/Theodo/auto-formation/react-archer/src/ArcherContainer.js">
        <metrics statements="54" coveredstatements="18" conditionals="11" coveredconditionals="1" methods="22" coveredmethods="7"/>
        <line num="8" count="1" type="stmt"/>
        <line num="17" count="2" type="stmt"/>
        <line num="21" count="0" type="cond" truecount="0" falsecount="5"/>
        <line num="23" count="0" type="stmt"/>
        <line num="25" count="0" type="stmt"/>
        <line num="27" count="0" type="stmt"/>
        <line num="29" count="0" type="stmt"/>
        <line num="31" count="0" type="stmt"/>
        <line num="37" count="2" type="stmt"/>
        <line num="38" count="2" type="stmt"/>
        <line num="39" count="0" type="stmt"/>
        <line num="41" count="2" type="stmt"/>
        <line num="48" count="2" type="stmt"/>
        <line num="52" count="0" type="stmt"/>
        <line num="53" count="0" type="stmt"/>
        <line num="54" count="0" type="stmt"/>
        <line num="56" count="0" type="stmt"/>
        <line num="60" count="0" type="stmt"/>
        <line num="64" count="0" type="stmt"/>
        <line num="71" count="0" type="cond" truecount="0" falsecount="2"/>
        <line num="72" count="0" type="stmt"/>
        <line num="74" count="0" type="stmt"/>
        <line num="78" count="2" type="cond" truecount="1" falsecount="1"/>
        <line num="79" count="2" type="stmt"/>
        <line num="81" count="0" type="stmt"/>
        <line num="85" count="2" type="stmt"/>
        <line num="86" count="2" type="stmt"/>
        <line num="94" count="0" type="stmt"/>
        <line num="95" count="0" type="stmt"/>
        <line num="100" count="0" type="stmt"/>
        <line num="106" count="0" type="stmt"/>
        <line num="107" count="0" type="stmt"/>
        <line num="111" count="0" type="stmt"/>
        <line num="112" count="0" type="stmt"/>
        <line num="113" count="0" type="stmt"/>
        <line num="121" count="0" type="stmt"/>
        <line num="122" count="0" type="cond" truecount="0" falsecount="2"/>
        <line num="123" count="0" type="stmt"/>
        <line num="124" count="0" type="stmt"/>
        <line num="125" count="0" type="stmt"/>
        <line num="135" count="2" type="stmt"/>
        <line num="136" count="2" type="stmt"/>
        <line num="137" count="0" type="stmt"/>
        <line num="138" count="0" type="stmt"/>
        <line num="139" count="0" type="stmt"/>
        <line num="144" count="0" type="stmt"/>
        <line num="145" count="0" type="stmt"/>
        <line num="150" count="0" type="stmt"/>
        <line num="167" count="2" type="stmt"/>
        <line num="168" count="2" type="stmt"/>
        <line num="171" count="2" type="stmt"/>
        <line num="199" count="1" type="stmt"/>
        <line num="209" count="1" type="stmt"/>
        <line num="216" count="1" type="stmt"/>
      </file>
      <file name="ArcherElement.js" path="/Users/Pierpo/Theodo/auto-formation/react-archer/src/ArcherElement.js">
        <metrics statements="18" coveredstatements="17" conditionals="10" coveredconditionals="8" methods="7" coveredmethods="7"/>
        <line num="4" count="1" type="stmt"/>
        <line num="5" count="16" type="cond" truecount="2" falsecount="0"/>
        <line num="6" count="5" type="cond" truecount="2" falsecount="2"/>
        <line num="7" count="0" type="stmt"/>
        <line num="9" count="5" type="stmt"/>
        <line num="12" count="16" type="stmt"/>
        <line num="17" count="8" type="cond" truecount="2" falsecount="0"/>
        <line num="21" count="5" type="stmt"/>
        <line num="23" count="3" type="stmt"/>
        <line num="27" count="9" type="cond" truecount="2" falsecount="0"/>
        <line num="28" count="8" type="stmt"/>
        <line num="30" count="1" type="stmt"/>
        <line num="34" count="1" type="stmt"/>
        <line num="35" count="2" type="stmt"/>
        <line num="40" count="15" type="stmt"/>
        <line num="52" count="1" type="stmt"/>
        <line num="58" count="1" type="stmt"/>
        <line num="60" count="1" type="stmt"/>
      </file>
      <file name="Point.js" path="/Users/Pierpo/Theodo/auto-formation/react-archer/src/Point.js">
        <metrics statements="7" coveredstatements="7" conditionals="0" coveredconditionals="0" methods="3" coveredmethods="3"/>
        <line num="2" count="11" type="stmt"/>
        <line num="3" count="11" type="stmt"/>
        <line num="4" count="11" type="stmt"/>
        <line num="7" count="2" type="stmt"/>
        <line num="8" count="1" type="stmt"/>
        <line num="11" count="2" type="stmt"/>
        <line num="12" count="1" type="stmt"/>
      </file>
      <file name="SvgArrow.js" path="/Users/Pierpo/Theodo/auto-formation/react-archer/src/SvgArrow.js">
        <metrics statements="38" coveredstatements="33" conditionals="25" coveredconditionals="18" methods="6" coveredmethods="6"/>
        <line num="5" count="5" type="cond" truecount="2" falsecount="3"/>
        <line num="7" count="0" type="stmt"/>
        <line num="9" count="0" type="stmt"/>
        <line num="11" count="4" type="stmt"/>
        <line num="13" count="1" type="stmt"/>
        <line num="15" count="0" type="stmt"/>
        <line num="26" count="5" type="stmt"/>
        <line num="28" count="5" type="stmt"/>
        <line num="29" count="5" type="stmt"/>
        <line num="31" count="5" type="stmt"/>
        <line num="35" count="3" type="cond" truecount="4" falsecount="0"/>
        <line num="36" count="2" type="stmt"/>
        <line num="41" count="1" type="cond" truecount="2" falsecount="2"/>
        <line num="42" count="1" type="stmt"/>
        <line num="48" count="0" type="stmt"/>
        <line num="52" count="3" type="cond" truecount="4" falsecount="0"/>
        <line num="53" count="2" type="stmt"/>
        <line num="58" count="1" type="cond" truecount="2" falsecount="2"/>
        <line num="59" count="1" type="stmt"/>
        <line num="65" count="0" type="stmt"/>
        <line num="69" count="3" type="stmt"/>
        <line num="70" count="3" type="stmt"/>
        <line num="72" count="3" type="cond" truecount="2" falsecount="0"/>
        <line num="73" count="3" type="cond" truecount="2" falsecount="0"/>
        <line num="75" count="3" type="stmt"/>
        <line num="83" count="2" type="stmt"/>
        <line num="93" count="1" type="stmt"/>
        <line num="95" count="1" type="stmt"/>
        <line num="96" count="1" type="stmt"/>
        <line num="98" count="1" type="stmt"/>
        <line num="106" count="1" type="stmt"/>
        <line num="113" count="1" type="stmt"/>
        <line num="122" count="1" type="stmt"/>
        <line num="124" count="1" type="stmt"/>
        <line num="126" count="1" type="stmt"/>
        <line num="150" count="2" type="stmt"/>
        <line num="155" count="2" type="stmt"/>
        <line num="157" count="2" type="stmt"/>
      </file>
      <file name="react-archer.js" path="/Users/Pierpo/Theodo/auto-formation/react-archer/src/react-archer.js">
        <metrics statements="2" coveredstatements="0" conditionals="4" coveredconditionals="0" methods="3" coveredmethods="0"/>
        <line num="1" count="0" type="stmt"/>
        <line num="2" count="0" type="cond" truecount="0" falsecount="4"/>
      </file>
    </metrics>
  </project>
</coverage>
