{"/Users/Pierpo/Theodo/auto-formation/react-archer/src/ArcherContainer.js": {"path":"/Users/Pierpo/Theodo/auto-formation/react-archer/src/ArcherContainer.js","statementMap":{"0":{"start":{"line":8,"column":26},"end":{"line":14,"column":1}},"1":{"start":{"line":17,"column":2},"end":{"line":17,"column":40}},"2":{"start":{"line":21,"column":2},"end":{"line":32,"column":3}},"3":{"start":{"line":23,"column":6},"end":{"line":23,"column":65}},"4":{"start":{"line":25,"column":6},"end":{"line":25,"column":75}},"5":{"start":{"line":27,"column":6},"end":{"line":27,"column":66}},"6":{"start":{"line":29,"column":6},"end":{"line":29,"column":75}},"7":{"start":{"line":31,"column":6},"end":{"line":31,"column":29}},"8":{"start":{"line":37,"column":4},"end":{"line":37,"column":17}},"9":{"start":{"line":38,"column":21},"end":{"line":40,"column":6}},"10":{"start":{"line":39,"column":6},"end":{"line":39,"column":27}},"11":{"start":{"line":41,"column":4},"end":{"line":45,"column":6}},"12":{"start":{"line":48,"column":4},"end":{"line":48,"column":58}},"13":{"start":{"line":52,"column":4},"end":{"line":55,"column":7}},"14":{"start":{"line":53,"column":27},"end":{"line":53,"column":37}},"15":{"start":{"line":54,"column":6},"end":{"line":54,"column":54}},"16":{"start":{"line":56,"column":4},"end":{"line":56,"column":61}},"17":{"start":{"line":60,"column":4},"end":{"line":60,"column":37}},"18":{"start":{"line":64,"column":4},"end":{"line":67,"column":6}},"19":{"start":{"line":71,"column":4},"end":{"line":73,"column":5}},"20":{"start":{"line":72,"column":6},"end":{"line":72,"column":13}},"21":{"start":{"line":74,"column":4},"end":{"line":74,"column":70}},"22":{"start":{"line":74,"column":35},"end":{"line":74,"column":67}},"23":{"start":{"line":78,"column":4},"end":{"line":80,"column":5}},"24":{"start":{"line":79,"column":6},"end":{"line":79,"column":29}},"25":{"start":{"line":81,"column":4},"end":{"line":81,"column":39}},"26":{"start":{"line":85,"column":18},"end":{"line":85,"column":56}},"27":{"start":{"line":86,"column":4},"end":{"line":86,"column":30}},"28":{"start":{"line":94,"column":17},"end":{"line":94,"column":60}},"29":{"start":{"line":95,"column":29},"end":{"line":98,"column":5}},"30":{"start":{"line":100,"column":4},"end":{"line":100,"column":57}},"31":{"start":{"line":106,"column":19},"end":{"line":106,"column":41}},"32":{"start":{"line":107,"column":22},"end":{"line":110,"column":5}},"33":{"start":{"line":111,"column":4},"end":{"line":111,"column":27}},"34":{"start":{"line":112,"column":4},"end":{"line":117,"column":7}},"35":{"start":{"line":113,"column":6},"end":{"line":116,"column":8}},"36":{"start":{"line":121,"column":4},"end":{"line":131,"column":6}},"37":{"start":{"line":122,"column":6},"end":{"line":130,"column":7}},"38":{"start":{"line":123,"column":8},"end":{"line":123,"column":41}},"39":{"start":{"line":124,"column":8},"end":{"line":129,"column":11}},"40":{"start":{"line":125,"column":10},"end":{"line":128,"column":12}},"41":{"start":{"line":135,"column":30},"end":{"line":135,"column":57}},"42":{"start":{"line":136,"column":4},"end":{"line":163,"column":7}},"43":{"start":{"line":137,"column":34},"end":{"line":137,"column":36}},"44":{"start":{"line":138,"column":29},"end":{"line":138,"column":40}},"45":{"start":{"line":139,"column":28},"end":{"line":143,"column":7}},"46":{"start":{"line":144,"column":27},"end":{"line":144,"column":36}},"47":{"start":{"line":145,"column":26},"end":{"line":149,"column":7}},"48":{"start":{"line":150,"column":6},"end":{"line":162,"column":8}},"49":{"start":{"line":167,"column":22},"end":{"line":167,"column":42}},"50":{"start":{"line":168,"column":22},"end":{"line":169,"column":59}},"51":{"start":{"line":171,"column":4},"end":{"line":195,"column":6}},"52":{"start":{"line":199,"column":0},"end":{"line":207,"column":2}},"53":{"start":{"line":209,"column":0},"end":{"line":214,"column":2}},"54":{"start":{"line":216,"column":0},"end":{"line":219,"column":2}}},"fnMap":{"0":{"name":"rectToPoint","decl":{"start":{"line":16,"column":9},"end":{"line":16,"column":20}},"loc":{"start":{"line":16,"column":27},"end":{"line":18,"column":1}},"line":16},"1":{"name":"computeCoordinatesFromAnchorPosition","decl":{"start":{"line":20,"column":9},"end":{"line":20,"column":45}},"loc":{"start":{"line":20,"column":68},"end":{"line":33,"column":1}},"line":20},"2":{"name":"(anonymous_2)","decl":{"start":{"line":36,"column":2},"end":{"line":36,"column":3}},"loc":{"start":{"line":36,"column":21},"end":{"line":46,"column":3}},"line":36},"3":{"name":"(anonymous_3)","decl":{"start":{"line":38,"column":40},"end":{"line":38,"column":41}},"loc":{"start":{"line":38,"column":46},"end":{"line":40,"column":5}},"line":38},"4":{"name":"(anonymous_4)","decl":{"start":{"line":47,"column":2},"end":{"line":47,"column":3}},"loc":{"start":{"line":47,"column":22},"end":{"line":49,"column":3}},"line":47},"5":{"name":"(anonymous_5)","decl":{"start":{"line":51,"column":2},"end":{"line":51,"column":3}},"loc":{"start":{"line":51,"column":25},"end":{"line":57,"column":3}},"line":51},"6":{"name":"(anonymous_6)","decl":{"start":{"line":52,"column":37},"end":{"line":52,"column":38}},"loc":{"start":{"line":52,"column":51},"end":{"line":55,"column":5}},"line":52},"7":{"name":"(anonymous_7)","decl":{"start":{"line":59,"column":18},"end":{"line":59,"column":19}},"loc":{"start":{"line":59,"column":24},"end":{"line":61,"column":3}},"line":59},"8":{"name":"(anonymous_8)","decl":{"start":{"line":63,"column":20},"end":{"line":63,"column":21}},"loc":{"start":{"line":63,"column":26},"end":{"line":68,"column":3}},"line":63},"9":{"name":"(anonymous_9)","decl":{"start":{"line":70,"column":16},"end":{"line":70,"column":17}},"loc":{"start":{"line":70,"column":23},"end":{"line":75,"column":3}},"line":70},"10":{"name":"(anonymous_10)","decl":{"start":{"line":74,"column":18},"end":{"line":74,"column":19}},"loc":{"start":{"line":74,"column":35},"end":{"line":74,"column":67}},"line":74},"11":{"name":"(anonymous_11)","decl":{"start":{"line":77,"column":19},"end":{"line":77,"column":20}},"loc":{"start":{"line":77,"column":26},"end":{"line":82,"column":3}},"line":77},"12":{"name":"(anonymous_12)","decl":{"start":{"line":84,"column":25},"end":{"line":84,"column":26}},"loc":{"start":{"line":84,"column":31},"end":{"line":87,"column":3}},"line":84},"13":{"name":"(anonymous_13)","decl":{"start":{"line":89,"column":42},"end":{"line":89,"column":43}},"loc":{"start":{"line":93,"column":7},"end":{"line":101,"column":3}},"line":93},"14":{"name":"(anonymous_14)","decl":{"start":{"line":103,"column":23},"end":{"line":103,"column":24}},"loc":{"start":{"line":103,"column":50},"end":{"line":118,"column":3}},"line":103},"15":{"name":"(anonymous_15)","decl":{"start":{"line":112,"column":18},"end":{"line":112,"column":19}},"loc":{"start":{"line":112,"column":34},"end":{"line":117,"column":5}},"line":112},"16":{"name":"(anonymous_16)","decl":{"start":{"line":120,"column":18},"end":{"line":120,"column":19}},"loc":{"start":{"line":120,"column":24},"end":{"line":132,"column":3}},"line":120},"17":{"name":"(anonymous_17)","decl":{"start":{"line":121,"column":11},"end":{"line":121,"column":12}},"loc":{"start":{"line":121,"column":18},"end":{"line":131,"column":5}},"line":121},"18":{"name":"(anonymous_18)","decl":{"start":{"line":124,"column":22},"end":{"line":124,"column":23}},"loc":{"start":{"line":124,"column":38},"end":{"line":129,"column":9}},"line":124},"19":{"name":"(anonymous_19)","decl":{"start":{"line":134,"column":18},"end":{"line":134,"column":19}},"loc":{"start":{"line":134,"column":24},"end":{"line":164,"column":3}},"line":134},"20":{"name":"(anonymous_20)","decl":{"start":{"line":136,"column":33},"end":{"line":136,"column":34}},"loc":{"start":{"line":136,"column":39},"end":{"line":163,"column":5}},"line":136},"21":{"name":"(anonymous_21)","decl":{"start":{"line":166,"column":2},"end":{"line":166,"column":3}},"loc":{"start":{"line":166,"column":11},"end":{"line":196,"column":3}},"line":166}},"branchMap":{"0":{"loc":{"start":{"line":21,"column":2},"end":{"line":32,"column":3}},"type":"switch","locations":[{"start":{"line":22,"column":4},"end":{"line":23,"column":65}},{"start":{"line":24,"column":4},"end":{"line":25,"column":75}},{"start":{"line":26,"column":4},"end":{"line":27,"column":66}},{"start":{"line":28,"column":4},"end":{"line":29,"column":75}},{"start":{"line":30,"column":4},"end":{"line":31,"column":29}}],"line":21},"1":{"loc":{"start":{"line":71,"column":4},"end":{"line":73,"column":5}},"type":"if","locations":[{"start":{"line":71,"column":4},"end":{"line":73,"column":5}},{"start":{"line":71,"column":4},"end":{"line":73,"column":5}}],"line":71},"2":{"loc":{"start":{"line":78,"column":4},"end":{"line":80,"column":5}},"type":"if","locations":[{"start":{"line":78,"column":4},"end":{"line":80,"column":5}},{"start":{"line":78,"column":4},"end":{"line":80,"column":5}}],"line":78},"3":{"loc":{"start":{"line":122,"column":6},"end":{"line":130,"column":7}},"type":"if","locations":[{"start":{"line":122,"column":6},"end":{"line":130,"column":7}},{"start":{"line":122,"column":6},"end":{"line":130,"column":7}}],"line":122}},"s":{"0":1,"1":2,"2":0,"3":0,"4":0,"5":0,"6":0,"7":0,"8":2,"9":2,"10":0,"11":2,"12":2,"13":0,"14":0,"15":0,"16":0,"17":0,"18":0,"19":0,"20":0,"21":0,"22":0,"23":2,"24":2,"25":0,"26":2,"27":2,"28":0,"29":0,"30":0,"31":0,"32":0,"33":0,"34":0,"35":0,"36":0,"37":0,"38":0,"39":0,"40":0,"41":2,"42":2,"43":0,"44":0,"45":0,"46":0,"47":0,"48":0,"49":2,"50":2,"51":2,"52":1,"53":1,"54":1},"f":{"0":2,"1":0,"2":2,"3":0,"4":2,"5":0,"6":0,"7":0,"8":0,"9":0,"10":0,"11":2,"12":2,"13":0,"14":0,"15":0,"16":0,"17":0,"18":0,"19":2,"20":0,"21":2},"b":{"0":[0,0,0,0,0],"1":[0,0],"2":[2,0],"3":[0,0]},"_coverageSchema":"332fd63041d2c1bcb487cc26dd0d5f7d97098a6c","hash":"c8d5b8648b6e52f93721cc35bf24aaa8630ba5b5"}
,"/Users/Pierpo/Theodo/auto-formation/react-archer/src/ArcherElement.js": {"path":"/Users/Pierpo/Theodo/auto-formation/react-archer/src/ArcherElement.js","statementMap":{"0":{"start":{"line":4,"column":27},"end":{"line":13,"column":1}},"1":{"start":{"line":5,"column":41},"end":{"line":10,"column":4}},"2":{"start":{"line":6,"column":4},"end":{"line":8,"column":5}},"3":{"start":{"line":7,"column":6},"end":{"line":7,"column":43}},"4":{"start":{"line":9,"column":4},"end":{"line":9,"column":35}},"5":{"start":{"line":12,"column":2},"end":{"line":12,"column":56}},"6":{"start":{"line":17,"column":4},"end":{"line":22,"column":5}},"7":{"start":{"line":21,"column":6},"end":{"line":21,"column":13}},"8":{"start":{"line":23,"column":4},"end":{"line":23,"column":53}},"9":{"start":{"line":27,"column":4},"end":{"line":29,"column":5}},"10":{"start":{"line":28,"column":6},"end":{"line":28,"column":13}},"11":{"start":{"line":30,"column":4},"end":{"line":30,"column":54}},"12":{"start":{"line":34,"column":4},"end":{"line":36,"column":7}},"13":{"start":{"line":35,"column":6},"end":{"line":35,"column":63}},"14":{"start":{"line":40,"column":4},"end":{"line":48,"column":6}},"15":{"start":{"line":52,"column":0},"end":{"line":56,"column":2}},"16":{"start":{"line":58,"column":19},"end":{"line":58,"column":70}},"17":{"start":{"line":60,"column":0},"end":{"line":77,"column":2}}},"fnMap":{"0":{"name":"(anonymous_0)","decl":{"start":{"line":4,"column":27},"end":{"line":4,"column":28}},"loc":{"start":{"line":4,"column":40},"end":{"line":13,"column":1}},"line":4},"1":{"name":"(anonymous_1)","decl":{"start":{"line":5,"column":63},"end":{"line":5,"column":64}},"loc":{"start":{"line":5,"column":68},"end":{"line":10,"column":3}},"line":5},"2":{"name":"(anonymous_2)","decl":{"start":{"line":16,"column":2},"end":{"line":16,"column":3}},"loc":{"start":{"line":16,"column":39},"end":{"line":24,"column":3}},"line":16},"3":{"name":"(anonymous_3)","decl":{"start":{"line":26,"column":2},"end":{"line":26,"column":3}},"loc":{"start":{"line":26,"column":22},"end":{"line":31,"column":3}},"line":26},"4":{"name":"(anonymous_4)","decl":{"start":{"line":33,"column":2},"end":{"line":33,"column":3}},"loc":{"start":{"line":33,"column":36},"end":{"line":37,"column":3}},"line":33},"5":{"name":"(anonymous_5)","decl":{"start":{"line":34,"column":22},"end":{"line":34,"column":23}},"loc":{"start":{"line":34,"column":34},"end":{"line":36,"column":5}},"line":34},"6":{"name":"(anonymous_6)","decl":{"start":{"line":39,"column":2},"end":{"line":39,"column":3}},"loc":{"start":{"line":39,"column":11},"end":{"line":49,"column":3}},"line":39}},"branchMap":{"0":{"loc":{"start":{"line":5,"column":42},"end":{"line":5,"column":57}},"type":"binary-expr","locations":[{"start":{"line":5,"column":42},"end":{"line":5,"column":51}},{"start":{"line":5,"column":55},"end":{"line":5,"column":57}}],"line":5},"1":{"loc":{"start":{"line":6,"column":4},"end":{"line":8,"column":5}},"type":"if","locations":[{"start":{"line":6,"column":4},"end":{"line":8,"column":5}},{"start":{"line":6,"column":4},"end":{"line":8,"column":5}}],"line":6},"2":{"loc":{"start":{"line":6,"column":8},"end":{"line":6,"column":32}},"type":"binary-expr","locations":[{"start":{"line":6,"column":8},"end":{"line":6,"column":15}},{"start":{"line":6,"column":19},"end":{"line":6,"column":32}}],"line":6},"3":{"loc":{"start":{"line":17,"column":4},"end":{"line":22,"column":5}},"type":"if","locations":[{"start":{"line":17,"column":4},"end":{"line":22,"column":5}},{"start":{"line":17,"column":4},"end":{"line":22,"column":5}}],"line":17},"4":{"loc":{"start":{"line":27,"column":4},"end":{"line":29,"column":5}},"type":"if","locations":[{"start":{"line":27,"column":4},"end":{"line":29,"column":5}},{"start":{"line":27,"column":4},"end":{"line":29,"column":5}}],"line":27}},"s":{"0":1,"1":16,"2":5,"3":0,"4":5,"5":16,"6":8,"7":5,"8":3,"9":9,"10":8,"11":1,"12":1,"13":2,"14":15,"15":1,"16":1,"17":1},"f":{"0":16,"1":5,"2":8,"3":9,"4":1,"5":2,"6":15},"b":{"0":[16,11],"1":[0,5],"2":[5,0],"3":[5,3],"4":[8,1]},"_coverageSchema":"332fd63041d2c1bcb487cc26dd0d5f7d97098a6c","hash":"d918c8e6181ee730c15f10c66b44d69d8b7eb92d"}
,"/Users/Pierpo/Theodo/auto-formation/react-archer/src/Point.js": {"path":"/Users/Pierpo/Theodo/auto-formation/react-archer/src/Point.js","statementMap":{"0":{"start":{"line":2,"column":2},"end":{"line":2,"column":13}},"1":{"start":{"line":3,"column":2},"end":{"line":3,"column":13}},"2":{"start":{"line":4,"column":2},"end":{"line":4,"column":14}},"3":{"start":{"line":7,"column":0},"end":{"line":9,"column":2}},"4":{"start":{"line":8,"column":2},"end":{"line":8,"column":55}},"5":{"start":{"line":11,"column":0},"end":{"line":13,"column":2}},"6":{"start":{"line":12,"column":2},"end":{"line":12,"column":55}}},"fnMap":{"0":{"name":"Point","decl":{"start":{"line":1,"column":9},"end":{"line":1,"column":14}},"loc":{"start":{"line":1,"column":21},"end":{"line":5,"column":1}},"line":1},"1":{"name":"(anonymous_1)","decl":{"start":{"line":7,"column":22},"end":{"line":7,"column":23}},"loc":{"start":{"line":7,"column":38},"end":{"line":9,"column":1}},"line":7},"2":{"name":"(anonymous_2)","decl":{"start":{"line":11,"column":28},"end":{"line":11,"column":29}},"loc":{"start":{"line":11,"column":44},"end":{"line":13,"column":1}},"line":11}},"branchMap":{},"s":{"0":11,"1":11,"2":11,"3":2,"4":1,"5":2,"6":1},"f":{"0":11,"1":1,"2":1},"b":{},"_coverageSchema":"332fd63041d2c1bcb487cc26dd0d5f7d97098a6c","hash":"63908b90412de3bbc787e6ed48d61c11e5a07bf5"}
,"/Users/Pierpo/Theodo/auto-formation/react-archer/src/SvgArrow.js": {"path":"/Users/Pierpo/Theodo/auto-formation/react-archer/src/SvgArrow.js","statementMap":{"0":{"start":{"line":5,"column":2},"end":{"line":16,"column":3}},"1":{"start":{"line":7,"column":6},"end":{"line":7,"column":39}},"2":{"start":{"line":9,"column":6},"end":{"line":9,"column":38}},"3":{"start":{"line":11,"column":6},"end":{"line":11,"column":39}},"4":{"start":{"line":13,"column":6},"end":{"line":13,"column":38}},"5":{"start":{"line":15,"column":6},"end":{"line":15,"column":38}},"6":{"start":{"line":26,"column":29},"end":{"line":26,"column":76}},"7":{"start":{"line":28,"column":13},"end":{"line":28,"column":58}},"8":{"start":{"line":29,"column":13},"end":{"line":29,"column":58}},"9":{"start":{"line":31,"column":2},"end":{"line":31,"column":20}},"10":{"start":{"line":35,"column":2},"end":{"line":40,"column":3}},"11":{"start":{"line":36,"column":4},"end":{"line":39,"column":6}},"12":{"start":{"line":41,"column":2},"end":{"line":46,"column":3}},"13":{"start":{"line":42,"column":4},"end":{"line":45,"column":6}},"14":{"start":{"line":48,"column":2},"end":{"line":48,"column":30}},"15":{"start":{"line":52,"column":2},"end":{"line":57,"column":3}},"16":{"start":{"line":53,"column":4},"end":{"line":56,"column":6}},"17":{"start":{"line":58,"column":2},"end":{"line":63,"column":3}},"18":{"start":{"line":59,"column":4},"end":{"line":62,"column":6}},"19":{"start":{"line":65,"column":2},"end":{"line":65,"column":30}},"20":{"start":{"line":69,"column":13},"end":{"line":69,"column":30}},"21":{"start":{"line":70,"column":13},"end":{"line":70,"column":30}},"22":{"start":{"line":72,"column":13},"end":{"line":72,"column":30}},"23":{"start":{"line":73,"column":13},"end":{"line":73,"column":30}},"24":{"start":{"line":75,"column":2},"end":{"line":80,"column":4}},"25":{"start":{"line":83,"column":17},"end":{"line":148,"column":1}},"26":{"start":{"line":93,"column":28},"end":{"line":93,"column":43}},"27":{"start":{"line":95,"column":13},"end":{"line":95,"column":28}},"28":{"start":{"line":96,"column":13},"end":{"line":96,"column":28}},"29":{"start":{"line":98,"column":21},"end":{"line":104,"column":3}},"30":{"start":{"line":106,"column":23},"end":{"line":112,"column":3}},"31":{"start":{"line":113,"column":23},"end":{"line":119,"column":3}},"32":{"start":{"line":122,"column":4},"end":{"line":122,"column":69}},"33":{"start":{"line":124,"column":29},"end":{"line":124,"column":67}},"34":{"start":{"line":126,"column":2},"end":{"line":147,"column":4}},"35":{"start":{"line":150,"column":22},"end":{"line":153,"column":2}},"36":{"start":{"line":155,"column":19},"end":{"line":155,"column":70}},"37":{"start":{"line":157,"column":0},"end":{"line":166,"column":2}}},"fnMap":{"0":{"name":"computeEndingArrowDirectionVector","decl":{"start":{"line":4,"column":9},"end":{"line":4,"column":42}},"loc":{"start":{"line":4,"column":57},"end":{"line":17,"column":1}},"line":4},"1":{"name":"computeEndingPointAccordingToArrow","decl":{"start":{"line":19,"column":16},"end":{"line":19,"column":50}},"loc":{"start":{"line":25,"column":2},"end":{"line":32,"column":1}},"line":25},"2":{"name":"computeStartingAnchorPosition","decl":{"start":{"line":34,"column":16},"end":{"line":34,"column":45}},"loc":{"start":{"line":34,"column":78},"end":{"line":49,"column":1}},"line":34},"3":{"name":"computeEndingAnchorPosition","decl":{"start":{"line":51,"column":16},"end":{"line":51,"column":43}},"loc":{"start":{"line":51,"column":74},"end":{"line":66,"column":1}},"line":51},"4":{"name":"computeLabelDimensions","decl":{"start":{"line":68,"column":16},"end":{"line":68,"column":38}},"loc":{"start":{"line":68,"column":55},"end":{"line":81,"column":1}},"line":68},"5":{"name":"(anonymous_5)","decl":{"start":{"line":83,"column":17},"end":{"line":83,"column":18}},"loc":{"start":{"line":92,"column":6},"end":{"line":148,"column":1}},"line":92}},"branchMap":{"0":{"loc":{"start":{"line":5,"column":2},"end":{"line":16,"column":3}},"type":"switch","locations":[{"start":{"line":6,"column":4},"end":{"line":7,"column":39}},{"start":{"line":8,"column":4},"end":{"line":9,"column":38}},{"start":{"line":10,"column":4},"end":{"line":11,"column":39}},{"start":{"line":12,"column":4},"end":{"line":13,"column":38}},{"start":{"line":14,"column":4},"end":{"line":15,"column":38}}],"line":5},"1":{"loc":{"start":{"line":35,"column":2},"end":{"line":40,"column":3}},"type":"if","locations":[{"start":{"line":35,"column":2},"end":{"line":40,"column":3}},{"start":{"line":35,"column":2},"end":{"line":40,"column":3}}],"line":35},"2":{"loc":{"start":{"line":35,"column":6},"end":{"line":35,"column":61}},"type":"binary-expr","locations":[{"start":{"line":35,"column":6},"end":{"line":35,"column":30}},{"start":{"line":35,"column":34},"end":{"line":35,"column":61}}],"line":35},"3":{"loc":{"start":{"line":41,"column":2},"end":{"line":46,"column":3}},"type":"if","locations":[{"start":{"line":41,"column":2},"end":{"line":46,"column":3}},{"start":{"line":41,"column":2},"end":{"line":46,"column":3}}],"line":41},"4":{"loc":{"start":{"line":41,"column":6},"end":{"line":41,"column":61}},"type":"binary-expr","locations":[{"start":{"line":41,"column":6},"end":{"line":41,"column":31}},{"start":{"line":41,"column":35},"end":{"line":41,"column":61}}],"line":41},"5":{"loc":{"start":{"line":52,"column":2},"end":{"line":57,"column":3}},"type":"if","locations":[{"start":{"line":52,"column":2},"end":{"line":57,"column":3}},{"start":{"line":52,"column":2},"end":{"line":57,"column":3}}],"line":52},"6":{"loc":{"start":{"line":52,"column":6},"end":{"line":52,"column":57}},"type":"binary-expr","locations":[{"start":{"line":52,"column":6},"end":{"line":52,"column":28}},{"start":{"line":52,"column":32},"end":{"line":52,"column":57}}],"line":52},"7":{"loc":{"start":{"line":58,"column":2},"end":{"line":63,"column":3}},"type":"if","locations":[{"start":{"line":58,"column":2},"end":{"line":63,"column":3}},{"start":{"line":58,"column":2},"end":{"line":63,"column":3}}],"line":58},"8":{"loc":{"start":{"line":58,"column":6},"end":{"line":58,"column":57}},"type":"binary-expr","locations":[{"start":{"line":58,"column":6},"end":{"line":58,"column":29}},{"start":{"line":58,"column":33},"end":{"line":58,"column":57}}],"line":58},"9":{"loc":{"start":{"line":72,"column":13},"end":{"line":72,"column":30}},"type":"cond-expr","locations":[{"start":{"line":72,"column":23},"end":{"line":72,"column":25}},{"start":{"line":72,"column":28},"end":{"line":72,"column":30}}],"line":72},"10":{"loc":{"start":{"line":73,"column":13},"end":{"line":73,"column":30}},"type":"cond-expr","locations":[{"start":{"line":73,"column":23},"end":{"line":73,"column":25}},{"start":{"line":73,"column":28},"end":{"line":73,"column":30}}],"line":73}},"s":{"0":5,"1":0,"2":0,"3":4,"4":1,"5":0,"6":5,"7":5,"8":5,"9":5,"10":3,"11":2,"12":1,"13":1,"14":0,"15":3,"16":2,"17":1,"18":1,"19":0,"20":3,"21":3,"22":3,"23":3,"24":3,"25":2,"26":1,"27":1,"28":1,"29":1,"30":1,"31":1,"32":1,"33":1,"34":1,"35":2,"36":2,"37":2},"f":{"0":5,"1":5,"2":3,"3":3,"4":3,"5":1},"b":{"0":[0,0,4,1,0],"1":[2,1],"2":[3,2],"3":[1,0],"4":[1,0],"5":[2,1],"6":[3,1],"7":[1,0],"8":[1,0],"9":[2,1],"10":[1,2]},"_coverageSchema":"332fd63041d2c1bcb487cc26dd0d5f7d97098a6c","hash":"dd6c749cd6fbf0826c46d23c231c9ccff84b7a44"}
,"/Users/Pierpo/Theodo/auto-formation/react-archer/src/react-archer.js": {"path":"/Users/Pierpo/Theodo/auto-formation/react-archer/src/react-archer.js","statementMap":{"0":{"start":{"line":1,"column":13},"end":{"line":1,"column":75}},"1":{"start":{"line":1,"column":96},"end":{"line":1,"column":125}},"2":{"start":{"line":1,"column":126},"end":{"line":1,"column":274}},"3":{"start":{"line":1,"column":215},"end":{"line":1,"column":269}},"4":{"start":{"line":1,"column":297},"end":{"line":1,"column":328}},"5":{"start":{"line":1,"column":329},"end":{"line":2,"column":17}},"6":{"start":{"line":1,"column":420},"end":{"line":2,"column":12}},"7":{"start":{"line":2,"column":55},"end":{"line":2,"column":109}}},"fnMap":{"0":{"name":"get","decl":{"start":{"line":1,"column":208},"end":{"line":1,"column":211}},"loc":{"start":{"line":1,"column":214},"end":{"line":1,"column":270}},"line":1},"1":{"name":"get","decl":{"start":{"line":1,"column":413},"end":{"line":1,"column":416}},"loc":{"start":{"line":1,"column":419},"end":{"line":2,"column":13}},"line":1},"2":{"name":"_interopRequireDefault","decl":{"start":{"line":2,"column":26},"end":{"line":2,"column":48}},"loc":{"start":{"line":2,"column":54},"end":{"line":2,"column":110}},"line":2}},"branchMap":{"0":{"loc":{"start":{"line":2,"column":62},"end":{"line":2,"column":108}},"type":"cond-expr","locations":[{"start":{"line":2,"column":86},"end":{"line":2,"column":89}},{"start":{"line":2,"column":92},"end":{"line":2,"column":108}}],"line":2},"1":{"loc":{"start":{"line":2,"column":62},"end":{"line":2,"column":83}},"type":"binary-expr","locations":[{"start":{"line":2,"column":62},"end":{"line":2,"column":65}},{"start":{"line":2,"column":69},"end":{"line":2,"column":83}}],"line":2}},"s":{"0":0,"1":0,"2":0,"3":0,"4":0,"5":0,"6":0,"7":0},"f":{"0":0,"1":0,"2":0},"b":{"0":[0,0],"1":[0,0]}}
}
