TN:
SF:/Users/Pierpo/Theodo/auto-formation/react-archer/src/ArcherContainer.js
FN:16,rectToPoint
FN:20,computeCoordinatesFromAnchorPosition
FN:36,(anonymous_2)
FN:38,(anonymous_3)
FN:47,(anonymous_4)
FN:51,(anonymous_5)
FN:52,(anonymous_6)
FN:59,(anonymous_7)
FN:63,(anonymous_8)
FN:70,(anonymous_9)
FN:74,(anonymous_10)
FN:77,(anonymous_11)
FN:84,(anonymous_12)
FN:89,(anonymous_13)
FN:103,(anonymous_14)
FN:112,(anonymous_15)
FN:120,(anonymous_16)
FN:121,(anonymous_17)
FN:124,(anonymous_18)
FN:134,(anonymous_19)
FN:136,(anonymous_20)
FN:166,(anonymous_21)
FNF:22
FNH:7
FNDA:2,rectToPoint
FNDA:0,computeCoordinatesFromAnchorPosition
FNDA:2,(anonymous_2)
FNDA:0,(anonymous_3)
FNDA:2,(anonymous_4)
FNDA:0,(anonymous_5)
FNDA:0,(anonymous_6)
FNDA:0,(anonymous_7)
FNDA:0,(anonymous_8)
FNDA:0,(anonymous_9)
FNDA:0,(anonymous_10)
FNDA:2,(anonymous_11)
FNDA:2,(anonymous_12)
FNDA:0,(anonymous_13)
FNDA:0,(anonymous_14)
FNDA:0,(anonymous_15)
FNDA:0,(anonymous_16)
FNDA:0,(anonymous_17)
FNDA:0,(anonymous_18)
FNDA:2,(anonymous_19)
FNDA:0,(anonymous_20)
FNDA:2,(anonymous_21)
DA:8,1
DA:17,2
DA:21,0
DA:23,0
DA:25,0
DA:27,0
DA:29,0
DA:31,0
DA:37,2
DA:38,2
DA:39,0
DA:41,2
DA:48,2
DA:52,0
DA:53,0
DA:54,0
DA:56,0
DA:60,0
DA:64,0
DA:71,0
DA:72,0
DA:74,0
DA:78,2
DA:79,2
DA:81,0
DA:85,2
DA:86,2
DA:94,0
DA:95,0
DA:100,0
DA:106,0
DA:107,0
DA:111,0
DA:112,0
DA:113,0
DA:121,0
DA:122,0
DA:123,0
DA:124,0
DA:125,0
DA:135,2
DA:136,2
DA:137,0
DA:138,0
DA:139,0
DA:144,0
DA:145,0
DA:150,0
DA:167,2
DA:168,2
DA:171,2
DA:199,1
DA:209,1
DA:216,1
LF:54
LH:18
BRDA:21,0,0,0
BRDA:21,0,1,0
BRDA:21,0,2,0
BRDA:21,0,3,0
BRDA:21,0,4,0
BRDA:71,1,0,0
BRDA:71,1,1,0
BRDA:78,2,0,2
BRDA:78,2,1,0
BRDA:122,3,0,0
BRDA:122,3,1,0
BRF:11
BRH:1
end_of_record
TN:
SF:/Users/Pierpo/Theodo/auto-formation/react-archer/src/ArcherElement.js
FN:4,(anonymous_0)
FN:5,(anonymous_1)
FN:16,(anonymous_2)
FN:26,(anonymous_3)
FN:33,(anonymous_4)
FN:34,(anonymous_5)
FN:39,(anonymous_6)
FNF:7
FNH:7
FNDA:16,(anonymous_0)
FNDA:5,(anonymous_1)
FNDA:8,(anonymous_2)
FNDA:9,(anonymous_3)
FNDA:1,(anonymous_4)
FNDA:2,(anonymous_5)
FNDA:15,(anonymous_6)
DA:4,1
DA:5,16
DA:6,5
DA:7,0
DA:9,5
DA:12,16
DA:17,8
DA:21,5
DA:23,3
DA:27,9
DA:28,8
DA:30,1
DA:34,1
DA:35,2
DA:40,15
DA:52,1
DA:58,1
DA:60,1
LF:18
LH:17
BRDA:5,0,0,16
BRDA:5,0,1,11
BRDA:6,1,0,0
BRDA:6,1,1,5
BRDA:6,2,0,5
BRDA:6,2,1,0
BRDA:17,3,0,5
BRDA:17,3,1,3
BRDA:27,4,0,8
BRDA:27,4,1,1
BRF:10
BRH:8
end_of_record
TN:
SF:/Users/Pierpo/Theodo/auto-formation/react-archer/src/Point.js
FN:1,Point
FN:7,(anonymous_1)
FN:11,(anonymous_2)
FNF:3
FNH:3
FNDA:11,Point
FNDA:1,(anonymous_1)
FNDA:1,(anonymous_2)
DA:2,11
DA:3,11
DA:4,11
DA:7,2
DA:8,1
DA:11,2
DA:12,1
LF:7
LH:7
BRF:0
BRH:0
end_of_record
TN:
SF:/Users/Pierpo/Theodo/auto-formation/react-archer/src/SvgArrow.js
FN:4,computeEndingArrowDirectionVector
FN:19,computeEndingPointAccordingToArrow
FN:34,computeStartingAnchorPosition
FN:51,computeEndingAnchorPosition
FN:68,computeLabelDimensions
FN:83,(anonymous_5)
FNF:6
FNH:6
FNDA:5,computeEndingArrowDirectionVector
FNDA:5,computeEndingPointAccordingToArrow
FNDA:3,computeStartingAnchorPosition
FNDA:3,computeEndingAnchorPosition
FNDA:3,computeLabelDimensions
FNDA:1,(anonymous_5)
DA:5,5
DA:7,0
DA:9,0
DA:11,4
DA:13,1
DA:15,0
DA:26,5
DA:28,5
DA:29,5
DA:31,5
DA:35,3
DA:36,2
DA:41,1
DA:42,1
DA:48,0
DA:52,3
DA:53,2
DA:58,1
DA:59,1
DA:65,0
DA:69,3
DA:70,3
DA:72,3
DA:73,3
DA:75,3
DA:83,2
DA:93,1
DA:95,1
DA:96,1
DA:98,1
DA:106,1
DA:113,1
DA:122,1
DA:124,1
DA:126,1
DA:150,2
DA:155,2
DA:157,2
LF:38
LH:33
BRDA:5,0,0,0
BRDA:5,0,1,0
BRDA:5,0,2,4
BRDA:5,0,3,1
BRDA:5,0,4,0
BRDA:35,1,0,2
BRDA:35,1,1,1
BRDA:35,2,0,3
BRDA:35,2,1,2
BRDA:41,3,0,1
BRDA:41,3,1,0
BRDA:41,4,0,1
BRDA:41,4,1,0
BRDA:52,5,0,2
BRDA:52,5,1,1
BRDA:52,6,0,3
BRDA:52,6,1,1
BRDA:58,7,0,1
BRDA:58,7,1,0
BRDA:58,8,0,1
BRDA:58,8,1,0
BRDA:72,9,0,2
BRDA:72,9,1,1
BRDA:73,10,0,1
BRDA:73,10,1,2
BRF:25
BRH:18
end_of_record
TN:
SF:/Users/Pierpo/Theodo/auto-formation/react-archer/src/react-archer.js
FN:1,get
FN:1,get
FN:2,_interopRequireDefault
FNF:3
FNH:0
FNDA:0,get
FNDA:0,get
FNDA:0,_interopRequireDefault
DA:1,0
DA:2,0
LF:2
LH:0
BRDA:2,0,0,0
BRDA:2,0,1,0
BRDA:2,1,0,0
BRDA:2,1,1,0
BRF:4
BRH:0
end_of_record
